<?xml version="1.0" encoding="UTF-8"?>
<!-- Generated by org.testng.reporters.JUnitXMLReporter -->
<testsuite ignored="0" hostname="EPINHYDW07E7" failures="0" tests="1" name="Command line test" time="0.04" errors="0" timestamp="21 Mar 2021 17:47:02 GMT">
  <testcase classname="io.linkedin.testcases.LinkedInLoginTest" name="@BeforeTest readConfig" time="0.025">
    <failure type="java.lang.NullPointerException">
      <![CDATA[java.lang.NullPointerException
at java.base/java.util.Objects.requireNonNull(Objects.java:208)
at org.openqa.selenium.support.ui.FluentWait.<init>(FluentWait.java:106)
at org.openqa.selenium.support.ui.WebDriverWait.<init>(WebDriverWait.java:85)
at org.openqa.selenium.support.ui.WebDriverWait.<init>(WebDriverWait.java:45)
at io.linkedin.testcases.LinkedInLoginTest.readConfig(LinkedInLoginTest.java:24)
... Removed 33 stack frames]]>
    </failure>
  </testcase> <!-- @BeforeTest readConfig -->
  <testcase classname="io.linkedin.testcases.LinkedInLoginTest" name="Linked_In_Login_Test" time="0.0">
    <skipped/>
  </testcase> <!-- Linked_In_Login_Test -->
</testsuite> <!-- Command line test -->
