<?xml version="1.0" encoding="UTF-8" ?>
<testsuite tests="2" failures="1" name="io.linkedin.testcases.LinkedInLoginTest" time="0.728" errors="0" skipped="1">
  <properties>
[...]
</properties>
  <testcase classname="io.linkedin.testcases.LinkedInLoginTest" name="readConfig" time="0.359">
    <failure type="java.lang.NullPointerException">java.lang.NullPointerException
	at java.base/java.util.Objects.requireNonNull(Objects.java:208)
	at org.openqa.selenium.support.ui.FluentWait.&lt;init&gt;(FluentWait.java:106)
	at org.openqa.selenium.support.ui.WebDriverWait.&lt;init&gt;(WebDriverWait.java:85)
	at org.openqa.selenium.support.ui.WebDriverWait.&lt;init&gt;(WebDriverWait.java:45)
	at io.linkedin.testcases.LinkedInLoginTest.readConfig(LinkedInLoginTest.java:24)
</failure>
    <system-out>Configuring TestNG with: org.apache.maven.surefire.testng.conf.TestNG652Configurator@1efed156
</system-out>
  </testcase>
  <testcase classname="io.linkedin.testcases.LinkedInLoginTest" name="Linked_In_Login_Test" time="0.369">
    <skipped/>
  </testcase>
</testsuite>